-------------------------------------------------------------------------------
Test set: unit.tests.CalculatorParametrizedTest
-------------------------------------------------------------------------------
Tests run: 4, Failures: 0, Errors: 0, Skipped: 0, Time elapsed: 0.05 s - in unit.tests.CalculatorParametrizedTest
unit.tests.CalculatorParametrizedTest.calculateTest(double, double, String, double)[1]  Time elapsed: 0.016 s
unit.tests.CalculatorParametrizedTest.calculateTest(double, double, String, double)[2]  Time elapsed: 0 s
unit.tests.CalculatorParametrizedTest.calculateTest(double, double, String, double)[3]  Time elapsed: 0 s
unit.tests.CalculatorParametrizedTest.calculateTest(double, double, String, double)[4]  Time elapsed: 0.001 s
